#
# There is insufficient memory for the Java Runtime Environment to continue.
# Native memory allocation (malloc) failed to allocate 1048576 bytes for AllocateHeap
# Possible reasons:
#   The system is out of physical RAM or swap space
#   The process is running with CompressedOops enabled, and the Java Heap may be blocking the growth of the native heap
# Possible solutions:
#   Reduce memory load on the system
#   Increase physical memory or swap space
#   Check if swap backing store is full
#   Decrease Java heap size (-Xmx/-Xms)
#   Decrease number of Java threads
#   Decrease Java thread stack sizes (-Xss)
#   Set larger code cache with -XX:ReservedCodeCacheSize=
#   JVM is running with Unscaled Compressed Oops mode in which the Java heap is
#     placed in the first 4GB address space. The Java Heap base address is the
#     maximum limit for the native heap growth. Please use -XX:HeapBaseMinAddress
#     to set the Java Heap base and to place the Java Heap above 4GB virtual address.
# This output file may be truncated or incomplete.
#
#  Out of Memory Error (c:/BuildAgent/work/5ff2f6c26000d570/src/hotspot/share/memory/allocation.cpp:46), pid=7892, tid=11632
#
# JRE version: OpenJDK Runtime Environment (11.0.5+10) (build 11.0.5+10-b520.38)
# Java VM: OpenJDK 64-Bit Server VM (11.0.5+10-b520.38, mixed mode, sharing, tiered, compressed oops, g1 gc, windows-amd64)
# No core dump will be written. Minidumps are not enabled by default on client versions of Windows
#

---------------  S U M M A R Y ------------

Command Line: -XX:TieredStopAtLevel=1 -Xverify:none -Dspring.devtools.restart.trigger-file=.restartTriggerFile -Dspring.output.ansi.enabled=always -Dcom.sun.management.jmxremote -Dspring.jmx.enabled=true -Dspring.liveBeansView.mbeanDomain -Dspring.application.admin.enabled=true -javaagent:D:\IDEA\IntelliJ IDEA 2019.3.3\lib\idea_rt.jar=65064:D:\IDEA\IntelliJ IDEA 2019.3.3\bin -Dfile.encoding=UTF-8 com.seckill.SpringbootSeckillApplication

Host: Intel(R) Core(TM) i3-7100 CPU @ 3.90GHz, 4 cores, 7G,  Windows 10 , 64 bit Build 14393 (10.0.14393.0)
Time: Mon Apr 26 11:48:14 2021 ?D1¨²¡À¨º¡Á?¨º¡À?? elapsed time: 9 seconds (0d 0h 0m 9s)

---------------  T H R E A D  ---------------

Current thread (0x000002a37d2f6000):  VMThread "VM Thread" [stack: 0x000000b49f800000,0x000000b49f900000] [id=11632]

Stack: [0x000000b49f800000,0x000000b49f900000]
[error occurred during error reporting (printing stack bounds), id 0xc0000005, EXCEPTION_ACCESS_VIOLATION (0xc0000005) at pc=0x000002a300000dad]

Native frames: (J=compiled Java code, j=interpreted, Vv=VM code, C=native code)
V  [jvm.dll+0x5dcafa]
V  [jvm.dll+0x70e375]
V  [jvm.dll+0x70f898]
V  [jvm.dll+0x70fec5]
V  [jvm.dll+0x70fe7b]
V  [jvm.dll+0x5dc288]
V  [jvm.dll+0x5dc6e8]
C  [ntdll.dll+0xa992d]
C  [ntdll.dll+0x486d3]
C  [ntdll.dll+0xa8a4a]
C  0x000002a300000dad

VM_Operation (0x000000b4a13fc2a0): CollectForMetadataAllocation, mode: safepoint, requested by thread 0x000002a37e56b800


---------------  P R O C E S S  ---------------

Threads class SMR info:
_java_thread_list=0x000002a30f541e40, length=21, elements={
0x000002a37222c000, 0x000002a37d2fc000, 0x000002a37d300000, 0x000002a37d318000,
0x000002a37d319000, 0x000002a37d31a000, 0x000002a37d31f000, 0x000002a37d2dd800,
0x000002a37deff800, 0x000002a37df00800, 0x000002a37e11b000, 0x000002a37e155800,
0x000002a37e1d2000, 0x000002a37e500800, 0x000002a37e56a000, 0x000002a37e56b800,
0x000002a30f56d800, 0x000002a30f6e8800, 0x000002a30f6e9000, 0x000002a30fa04800,
0x000002a30fa0b000
}

Java Threads: ( => current thread )
  0x000002a37222c000 JavaThread "main" [_thread_blocked, id=8488, stack(0x000000b49f200000,0x000000b49f300000)]
  0x000002a37d2fc000 JavaThread "Reference Handler" daemon [_thread_blocked, id=3232, stack(0x000000b49f900000,0x000000b49fa00000)]
  0x000002a37d300000 JavaThread "Finalizer" daemon [_thread_blocked, id=14988, stack(0x000000b49fa00000,0x000000b49fb00000)]
  0x000002a37d318000 JavaThread "Signal Dispatcher" daemon [_thread_blocked, id=15344, stack(0x000000b49fb00000,0x000000b49fc00000)]
  0x000002a37d319000 JavaThread "Attach Listener" daemon [_thread_blocked, id=3852, stack(0x000000b49fc00000,0x000000b49fd00000)]
  0x000002a37d31a000 JavaThread "C1 CompilerThread0" daemon [_thread_blocked, id=2772, stack(0x000000b49fd00000,0x000000b49fe00000)]
  0x000002a37d31f000 JavaThread "Sweeper thread" daemon [_thread_blocked, id=1200, stack(0x000000b49fe00000,0x000000b49ff00000)]
  0x000002a37d2dd800 JavaThread "Common-Cleaner" daemon [_thread_blocked, id=4548, stack(0x000000b49ff00000,0x000000b4a0000000)]
  0x000002a37deff800 JavaThread "Monitor Ctrl-Break" daemon [_thread_in_native, id=14400, stack(0x000000b4a0000000,0x000000b4a0100000)]
  0x000002a37df00800 JavaThread "Service Thread" daemon [_thread_blocked, id=400, stack(0x000000b4a0100000,0x000000b4a0200000)]
  0x000002a37e11b000 JavaThread "RMI TCP Accept-0" daemon [_thread_in_native, id=9788, stack(0x000000b4a0200000,0x000000b4a0300000)]
  0x000002a37e155800 JavaThread "RMI TCP Connection(2)-10.65.18.135" daemon [_thread_in_native, id=6952, stack(0x000000b4a0900000,0x000000b4a0a00000)]
  0x000002a37e1d2000 JavaThread "RMI Scheduler(0)" daemon [_thread_blocked, id=4272, stack(0x000000b4a0e00000,0x000000b4a0f00000)]
  0x000002a37e500800 JavaThread "RMI TCP Connection(3)-10.65.18.135" daemon [_thread_in_native, id=520, stack(0x000000b4a1000000,0x000000b4a1100000)]
  0x000002a37e56a000 JavaThread "Thread-0" [_thread_blocked, id=12764, stack(0x000000b4a1200000,0x000000b4a1300000)]
  0x000002a37e56b800 JavaThread "restartedMain" [_thread_blocked, id=10712, stack(0x000000b4a1300000,0x000000b4a1400000)]
  0x000002a30f56d800 JavaThread "Catalina-utility-1" [_thread_blocked, id=12676, stack(0x000000b4a1e00000,0x000000b4a1f00000)]
  0x000002a30f6e8800 JavaThread "Catalina-utility-2" [_thread_blocked, id=2052, stack(0x000000b4a1f00000,0x000000b4a2000000)]
  0x000002a30f6e9000 JavaThread "container-0" [_thread_blocked, id=7448, stack(0x000000b4a2000000,0x000000b4a2100000)]
  0x000002a30fa04800 JavaThread "mysql-cj-abandoned-connection-cleanup" daemon [_thread_blocked, id=7564, stack(0x000000b4a2100000,0x000000b4a2200000)]
  0x000002a30fa0b000 JavaThread "lettuce-timer-3-1" [_thread_blocked, id=5028, stack(0x000000b4a2300000,0x000000b4a2400000)]

Other Threads:
=>0x000002a37d2f6000 VMThread "VM Thread" [stack: 0x000000b49f800000,0x000000b49f900000] [id=11632]
  0x000002a37e107800 WatcherThread [stack: 0x000000b4a0300000,0x000000b4a0400000] [id=7108]
  0x000002a372246800 GCTaskThread "GC Thread#0" [stack: 0x000000b49f300000,0x000000b49f400000] [id=15020]
  0x000002a37e194800 GCTaskThread "GC Thread#1" [stack: 0x000000b4a0a00000,0x000000b4a0b00000] [id=13652]
  0x000002a37e184000 GCTaskThread "GC Thread#2" [stack: 0x000000b4a0b00000,0x000000b4a0c00000] [id=5772]
  0x000002a37e5be800 GCTaskThread "GC Thread#3" [stack: 0x000000b4a1500000,0x000000b4a1600000] [id=5620]
  0x000002a372277000 ConcurrentGCThread "G1 Main Marker" [stack: 0x000000b49f400000,0x000000b49f500000] [id=10176]
  0x000002a372278800 ConcurrentGCThread "G1 Conc#0" [stack: 0x000000b49f500000,0x000000b49f600000] [id=8260]
  0x000002a37d190800 ConcurrentGCThread "G1 Refine#0" [stack: 0x000000b49f600000,0x000000b49f700000] [id=760]
  0x000002a37e1be800 ConcurrentGCThread "G1 Refine#1" [stack: 0x000000b4a0c00000,0x000000b4a0d00000] [id=14852]
  0x000002a37df19000 ConcurrentGCThread "G1 Refine#2" [stack: 0x000000b4a0d00000,0x000000b4a0e00000] [id=12012]
  0x000002a37d191800 ConcurrentGCThread "G1 Young RemSet Sampling" [stack: 0x000000b49f700000,0x000000b49f800000] [id=12064]

Threads with active compile tasks:
C1 CompilerThread0   9721 4122   !   1       org.springframework.core.SerializableTypeWrapper$TypeProxyInvocationHandler::invoke (325 bytes)

VM state:at safepoint (normal execution)

VM Mutex/Monitor currently owned by a thread:  ([mutex/lock_event])
[0x000002a37222b730] Threads_lock - owner thread: 0x000002a37d2f6000
[0x000002a37222b100] Heap_lock - owner thread: 0x000002a37e56b800

Heap address: 0x0000000081400000, size: 2028 MB, Compressed Oops mode: 32-bit
Narrow klass base: 0x0000000800000000, Narrow klass shift: 3
Compressed class space size: 1073741824 Address: 0x0000000840000000

Heap:
 garbage-first heap   total 131072K, used 19682K [0x0000000081400000, 0x0000000100000000)
  region size 1024K, 5 young (5120K), 5 survivors (5120K)
 Metaspace       used 36242K, capacity 37916K, committed 37936K, reserved 1089536K
  class space    used 4819K, capacity 5504K, committed 5504K, reserved 1048576K
Heap Regions: E=young(eden), S=young(survivor), O=old, HS=humongous(starts), HC=humongous(continues), CS=collection set, F=free, A=archive, TAMS=top-at-mark-start (previous, next)
|   0|0x0000000081400000, 0x0000000081500000, 0x0000000081500000|100%| O|  |TAMS 0x0000000081500000, 0x0000000081500000| Untracked 
|   1|0x0000000081500000, 0x0000000081600000, 0x0000000081600000|100%| O|  |TAMS 0x0000000081600000, 0x0000000081600000| Untracked 
|   2|0x0000000081600000, 0x0000000081700000, 0x0000000081700000|100%| O|  |TAMS 0x0000000081700000, 0x0000000081700000| Untracked 
|   3|0x0000000081700000, 0x0000000081800000, 0x0000000081800000|100%| O|  |TAMS 0x0000000081800000, 0x0000000081800000| Untracked 
|   4|0x0000000081800000, 0x0000000081900000, 0x0000000081900000|100%| O|  |TAMS 0x0000000081900000, 0x0000000081900000| Untracked 
|   5|0x0000000081900000, 0x0000000081a00000, 0x0000000081a00000|100%| O|  |TAMS 0x0000000081a00000, 0x0000000081a00000| Untracked 
|   6|0x0000000081a00000, 0x0000000081b00000, 0x0000000081b00000|100%| O|  |TAMS 0x0000000081b00000, 0x0000000081b00000| Untracked 
|   7|0x0000000081b00000, 0x0000000081c00000, 0x0000000081c00000|100%| O|  |TAMS 0x0000000081c00000, 0x0000000081c00000| Untracked 
|   8|0x0000000081c00000, 0x0000000081d00000, 0x0000000081d00000|100%| O|  |TAMS 0x0000000081d00000, 0x0000000081d00000| Untracked 
|   9|0x0000000081d00000, 0x0000000081e00000, 0x0000000081e00000|100%| O|  |TAMS 0x0000000081e00000, 0x0000000081e00000| Untracked 
|  10|0x0000000081e00000, 0x0000000081f00000, 0x0000000081f00000|100%| O|  |TAMS 0x0000000081eb2c00, 0x0000000081f00000| Untracked 
|  11|0x0000000081f00000, 0x0000000082000000, 0x0000000082000000|100%| O|  |TAMS 0x0000000081f00000, 0x0000000082000000| Untracked 
|  12|0x0000000082000000, 0x0000000082100000, 0x0000000082100000|100%| O|  |TAMS 0x0000000082000000, 0x0000000082100000| Untracked 
|  13|0x0000000082100000, 0x0000000082200000, 0x0000000082200000|100%| O|  |TAMS 0x0000000082100000, 0x0000000082200000| Untracked 
|  14|0x0000000082200000, 0x00000000822e7400, 0x0000000082300000| 90%| O|  |TAMS 0x0000000082200000, 0x00000000822e7400| Untracked 
|  15|0x0000000082300000, 0x0000000082300000, 0x0000000082400000|  0%| F|  |TAMS 0x0000000082300000, 0x0000000082300000| Untracked 
|  16|0x0000000082400000, 0x0000000082400000, 0x0000000082500000|  0%| F|  |TAMS 0x0000000082400000, 0x0000000082400000| Untracked 
|  17|0x0000000082500000, 0x0000000082500000, 0x0000000082600000|  0%| F|  |TAMS 0x0000000082500000, 0x0000000082500000| Untracked 
|  18|0x0000000082600000, 0x0000000082600000, 0x0000000082700000|  0%| F|  |TAMS 0x0000000082600000, 0x0000000082600000| Untracked 
|  19|0x0000000082700000, 0x0000000082700000, 0x0000000082800000|  0%| F|  |TAMS 0x0000000082700000, 0x0000000082700000| Untracked 
|  20|0x0000000082800000, 0x0000000082800000, 0x0000000082900000|  0%| F|  |TAMS 0x0000000082800000, 0x0000000082800000| Untracked 
|  21|0x0000000082900000, 0x0000000082900000, 0x0000000082a00000|  0%| F|  |TAMS 0x0000000082900000, 0x0000000082900000| Untracked 
|  22|0x0000000082a00000, 0x0000000082a00000, 0x0000000082b00000|  0%| F|  |TAMS 0x0000000082a00000, 0x0000000082a00000| Untracked 
|  23|0x0000000082b00000, 0x0000000082b00000, 0x0000000082c00000|  0%| F|  |TAMS 0x0000000082b00000, 0x0000000082b00000| Untracked 
|  24|0x0000000082c00000, 0x0000000082c00000, 0x0000000082d00000|  0%| F|  |TAMS 0x0000000082c00000, 0x0000000082c00000| Untracked 
|  25|0x0000000082d00000, 0x0000000082d00000, 0x0000000082e00000|  0%| F|  |TAMS 0x0000000082d00000, 0x0000000082d00000| Untracked 
|  26|0x0000000082e00000, 0x0000000082e00000, 0x0000000082f00000|  0%| F|  |TAMS 0x0000000082e00000, 0x0000000082e00000| Untracked 
|  27|0x0000000082f00000, 0x0000000082f00000, 0x0000000083000000|  0%| F|  |TAMS 0x0000000082f00000, 0x0000000082f00000| Untracked 
|  28|0x0000000083000000, 0x0000000083000000, 0x0000000083100000|  0%| F|  |TAMS 0x0000000083000000, 0x0000000083000000| Untracked 
|  29|0x0000000083100000, 0x0000000083100000, 0x0000000083200000|  0%| F|  |TAMS 0x0000000083100000, 0x0000000083100000| Untracked 
|  30|0x0000000083200000, 0x0000000083200000, 0x0000000083300000|  0%| F|  |TAMS 0x0000000083200000, 0x0000000083200000| Untracked 
|  31|0x0000000083300000, 0x0000000083300000, 0x0000000083400000|  0%| F|  |TAMS 0x0000000083300000, 0x0000000083300000| Untracked 
|  32|0x0000000083400000, 0x0000000083400000, 0x0000000083500000|  0%| F|  |TAMS 0x0000000083400000, 0x0000000083400000| Untracked 
|  33|0x0000000083500000, 0x0000000083500000, 0x0000000083600000|  0%| F|  |TAMS 0x0000000083500000, 0x0000000083500000| Untracked 
|  34|0x0000000083600000, 0x0000000083600000, 0x0000000083700000|  0%| F|  |TAMS 0x0000000083600000, 0x0000000083600000| Untracked 
|  35|0x0000000083700000, 0x0000000083700000, 0x0000000083800000|  0%| F|  |TAMS 0x0000000083700000, 0x0000000083700000| Untracked 
|  36|0x0000000083800000, 0x0000000083800000, 0x0000000083900000|  0%| F|  |TAMS 0x0000000083800000, 0x0000000083800000| Untracked 
|  37|0x0000000083900000, 0x0000000083900000, 0x0000000083a00000|  0%| F|  |TAMS 0x0000000083900000, 0x0000000083900000| Untracked 
|  38|0x0000000083a00000, 0x0000000083a00000, 0x0000000083b00000|  0%| F|  |TAMS 0x0000000083a00000, 0x0000000083a00000| Untracked 
|  39|0x0000000083b00000, 0x0000000083b00000, 0x0000000083c00000|  0%| F|  |TAMS 0x0000000083b00000, 0x0000000083b00000| Untracked 
|  40|0x0000000083c00000, 0x0000000083c00000, 0x0000000083d00000|  0%| F|  |TAMS 0x0000000083c00000, 0x0000000083c00000| Untracked 
|  41|0x0000000083d00000, 0x0000000083d00000, 0x0000000083e00000|  0%| F|  |TAMS 0x0000000083d00000, 0x0000000083d00000| Untracked 
|  42|0x0000000083e00000, 0x0000000083e00000, 0x0000000083f00000|  0%| F|  |TAMS 0x0000000083e00000, 0x0000000083e00000| Untracked 
|  43|0x0000000083f00000, 0x0000000083f00000, 0x0000000084000000|  0%| F|  |TAMS 0x0000000083f00000, 0x0000000083f00000| Untracked 
|  44|0x0000000084000000, 0x0000000084000000, 0x0000000084100000|  0%| F|  |TAMS 0x0000000084000000, 0x0000000084000000| Untracked 
|  45|0x0000000084100000, 0x0000000084100000, 0x0000000084200000|  0%| F|  |TAMS 0x0000000084100000, 0x0000000084100000| Untracked 
|  46|0x0000000084200000, 0x0000000084200000, 0x0000000084300000|  0%| F|  |TAMS 0x0000000084200000, 0x0000000084200000| Untracked 
|  47|0x0000000084300000, 0x0000000084300000, 0x0000000084400000|  0%| F|  |TAMS 0x0000000084300000, 0x0000000084300000| Untracked 
|  48|0x0000000084400000, 0x0000000084400000, 0x0000000084500000|  0%| F|  |TAMS 0x0000000084400000, 0x0000000084400000| Untracked 
|  49|0x0000000084500000, 0x0000000084500000, 0x0000000084600000|  0%| F|  |TAMS 0x0000000084500000, 0x0000000084500000| Untracked 
|  50|0x0000000084600000, 0x0000000084600000, 0x0000000084700000|  0%| F|  |TAMS 0x0000000084600000, 0x0000000084600000| Untracked 
|  51|0x0000000084700000, 0x0000000084700000, 0x0000000084800000|  0%| F|  |TAMS 0x0000000084700000, 0x0000000084700000| Untracked 
|  52|0x0000000084800000, 0x0000000084800000, 0x0000000084900000|  0%| F|  |TAMS 0x0000000084800000, 0x0000000084800000| Untracked 
|  53|0x0000000084900000, 0x0000000084900000, 0x0000000084a00000|  0%| F|  |TAMS 0x0000000084900000, 0x0000000084900000| Untracked 
|  54|0x0000000084a00000, 0x0000000084a00000, 0x0000000084b00000|  0%| F|  |TAMS 0x0000000084a00000, 0x0000000084a00000| Untracked 
|  55|0x0000000084b00000, 0x0000000084b00000, 0x0000000084c00000|  0%| F|  |TAMS 0x0000000084b00000, 0x0000000084b00000| Untracked 
|  56|0x0000000084c00000, 0x0000000084c00000, 0x0000000084d00000|  0%| F|  |TAMS 0x0000000084c00000, 0x0000000084c00000| Untracked 
|  57|0x0000000084d00000, 0x0000000084d00000, 0x0000000084e00000|  0%| F|  |TAMS 0x0000000084d00000, 0x0000000084d00000| Untracked 
|  58|0x0000000084e00000, 0x0000000084e00000, 0x0000000084f00000|  0%| F|  |TAMS 0x0000000084e00000, 0x0000000084e00000| Untracked 
|  59|0x0000000084f00000, 0x0000000084f00000, 0x0000000085000000|  0%| F|  |TAMS 0x0000000084f00000, 0x0000000084f00000| Untracked 
|  60|0x0000000085000000, 0x0000000085000000, 0x0000000085100000|  0%| F|  |TAMS 0x0000000085000000, 0x0000000085000000| Untracked 
|  61|0x0000000085100000, 0x0000000085100000, 0x0000000085200000|  0%| F|  |TAMS 0x0000000085100000, 0x0000000085100000| Untracked 
|  62|0x0000000085200000, 0x0000000085200000, 0x0000000085300000|  0%| F|  |TAMS 0x0000000085200000, 0x0000000085200000| Untracked 
|  63|0x0000000085300000, 0x0000000085300000, 0x0000000085400000|  0%| F|  |TAMS 0x0000000085300000, 0x0000000085300000| Untracked 
|  64|0x0000000085400000, 0x0000000085400000, 0x0000000085500000|  0%| F|  |TAMS 0x0000000085400000, 0x0000000085400000| Untracked 
|  65|0x0000000085500000, 0x0000000085500000, 0x0000000085600000|  0%| F|  |TAMS 0x0000000085500000, 0x0000000085500000| Untracked 
|  66|0x0000000085600000, 0x0000000085600000, 0x0000000085700000|  0%| F|  |TAMS 0x0000000085600000, 0x0000000085600000| Untracked 
|  67|0x0000000085700000, 0x0000000085700000, 0x0000000085800000|  0%| F|  |TAMS 0x0000000085700000, 0x0000000085700000| Untracked 
|  68|0x0000000085800000, 0x0000000085800000, 0x0000000085900000|  0%| F|  |TAMS 0x0000000085800000, 0x0000000085800000| Untracked 
|  69|0x0000000085900000, 0x0000000085900000, 0x0000000085a00000|  0%| F|  |TAMS 0x0000000085900000, 0x0000000085900000| Untracked 
|  70|0x0000000085a00000, 0x0000000085a00000, 0x0000000085b00000|  0%| F|  |TAMS 0x0000000085a00000, 0x0000000085a00000| Untracked 
|  71|0x0000000085b00000, 0x0000000085b00000, 0x0000000085c00000|  0%| F|  |TAMS 0x0000000085b00000, 0x0000000085b00000| Untracked 
|  72|0x0000000085c00000, 0x0000000085c00000, 0x0000000085d00000|  0%| F|  |TAMS 0x0000000085c00000, 0x0000000085c00000| Untracked 
|  73|0x0000000085d00000, 0x0000000085d00000, 0x0000000085e00000|  0%| F|  |TAMS 0x0000000085d00000, 0x0000000085d00000| Untracked 
|  74|0x0000000085e00000, 0x0000000085e00000, 0x0000000085f00000|  0%| F|  |TAMS 0x0000000085e00000, 0x0000000085e00000| Untracked 
|  75|0x0000000085f00000, 0x0000000085f00000, 0x0000000086000000|  0%| F|  |TAMS 0x0000000085f00000, 0x0000000085f00000| Untracked 
|  76|0x0000000086000000, 0x0000000086000000, 0x0000000086100000|  0%| F|  |TAMS 0x0000000086000000, 0x0000000086000000| Untracked 
|  77|0x0000000086100000, 0x0000000086100000, 0x0000000086200000|  0%| F|  |TAMS 0x0000000086100000, 0x0000000086100000| Untracked 
|  78|0x0000000086200000, 0x0000000086200000, 0x0000000086300000|  0%| F|  |TAMS 0x0000000086200000, 0x0000000086200000| Untracked 
|  79|0x0000000086300000, 0x0000000086300000, 0x0000000086400000|  0%| F|  |TAMS 0x0000000086300000, 0x0000000086300000| Untracked 
|  80|0x0000000086400000, 0x0000000086400000, 0x0000000086500000|  0%| F|  |TAMS 0x0000000086400000, 0x0000000086400000| Untracked 
|  81|0x0000000086500000, 0x0000000086500000, 0x0000000086600000|  0%| F|  |TAMS 0x0000000086500000, 0x0000000086500000| Untracked 
|  82|0x0000000086600000, 0x0000000086600000, 0x0000000086700000|  0%| F|  |TAMS 0x0000000086600000, 0x0000000086600000| Untracked 
|  83|0x0000000086700000, 0x0000000086700000, 0x0000000086800000|  0%| F|  |TAMS 0x0000000086700000, 0x0000000086700000| Untracked 
|  84|0x0000000086800000, 0x0000000086800000, 0x0000000086900000|  0%| F|  |TAMS 0x0000000086800000, 0x0000000086800000| Untracked 
|  85|0x0000000086900000, 0x0000000086900000, 0x0000000086a00000|  0%| F|  |TAMS 0x0000000086900000, 0x0000000086900000| Untracked 
|  86|0x0000000086a00000, 0x0000000086a00000, 0x0000000086b00000|  0%| F|  |TAMS 0x0000000086a00000, 0x0000000086a00000| Untracked 
|  87|0x0000000086b00000, 0x0000000086b00000, 0x0000000086c00000|  0%| F|  |TAMS 0x0000000086b00000, 0x0000000086b00000| Untracked 
|  88|0x0000000086c00000, 0x0000000086c00000, 0x0000000086d00000|  0%| F|  |TAMS 0x0000000086c00000, 0x0000000086c00000| Untracked 
|  89|0x0000000086d00000, 0x0000000086d00000, 0x0000000086e00000|  0%| F|  |TAMS 0x0000000086d00000, 0x0000000086d00000| Untracked 
|  90|0x0000000086e00000, 0x0000000086e00000, 0x0000000086f00000|  0%| F|  |TAMS 0x0000000086e00000, 0x0000000086e00000| Untracked 
|  91|0x0000000086f00000, 0x0000000086f00000, 0x0000000087000000|  0%| F|  |TAMS 0x0000000086f00000, 0x0000000086f00000| Untracked 
|  92|0x0000000087000000, 0x0000000087000000, 0x0000000087100000|  0%| F|  |TAMS 0x0000000087000000, 0x0000000087000000| Untracked 
|  93|0x0000000087100000, 0x0000000087100000, 0x0000000087200000|  0%| F|  |TAMS 0x0000000087100000, 0x0000000087100000| Untracked 
|  94|0x0000000087200000, 0x0000000087200000, 0x0000000087300000|  0%| F|  |TAMS 0x0000000087200000, 0x0000000087200000| Untracked 
|  95|0x0000000087300000, 0x0000000087300000, 0x0000000087400000|  0%| F|  |TAMS 0x0000000087300000, 0x0000000087300000| Untracked 
|  96|0x0000000087400000, 0x0000000087400000, 0x0000000087500000|  0%| F|  |TAMS 0x0000000087400000, 0x0000000087400000| Untracked 
|  97|0x0000000087500000, 0x0000000087500000, 0x0000000087600000|  0%| F|  |TAMS 0x0000000087500000, 0x0000000087500000| Untracked 
|  98|0x0000000087600000, 0x0000000087600000, 0x0000000087700000|  0%| F|  |TAMS 0x0000000087600000, 0x0000000087600000| Untracked 
|  99|0x0000000087700000, 0x0000000087700000, 0x0000000087800000|  0%| F|  |TAMS 0x0000000087700000, 0x0000000087700000| Untracked 
| 100|0x0000000087800000, 0x0000000087800000, 0x0000000087900000|  0%| F|  |TAMS 0x0000000087800000, 0x0000000087800000| Untracked 
| 101|0x0000000087900000, 0x0000000087900000, 0x0000000087a00000|  0%| F|  |TAMS 0x0000000087900000, 0x0000000087900000| Untracked 
| 102|0x0000000087a00000, 0x0000000087a00000, 0x0000000087b00000|  0%| F|  |TAMS 0x0000000087a00000, 0x0000000087a00000| Untracked 
| 103|0x0000000087b00000, 0x0000000087b00000, 0x0000000087c00000|  0%| F|  |TAMS 0x0000000087b00000, 0x0000000087b00000| Untracked 
| 104|0x0000000087c00000, 0x0000000087c00000, 0x0000000087d00000|  0%| F|  |TAMS 0x0000000087c00000, 0x0000000087c00000| Untracked 
| 105|0x0000000087d00000, 0x0000000087d517f0, 0x0000000087e00000| 31%| S|CS|TAMS 0x0000000087d00000, 0x0000000087d00000| Complete 
| 106|0x0000000087e00000, 0x0000000087f00000, 0x0000000087f00000|100%| S|CS|TAMS 0x0000000087e00000, 0x0000000087e00000| Complete 
| 107|0x0000000087f00000, 0x0000000088000000, 0x0000000088000000|100%| S|CS|TAMS 0x0000000087f00000, 0x0000000087f00000| Complete 
| 108|0x0000000088000000, 0x0000000088100000, 0x0000000088100000|100%| S|CS|TAMS 0x0000000088000000, 0x0000000088000000| Complete 
| 109|0x0000000088100000, 0x0000000088200000, 0x0000000088200000|100%| S|CS|TAMS 0x0000000088100000, 0x0000000088100000| Complete 
| 110|0x0000000088200000, 0x0000000088200000, 0x0000000088300000|  0%| F|  |TAMS 0x0000000088200000, 0x0000000088200000| Untracked 
| 111|0x0000000088300000, 0x0000000088300000, 0x0000000088400000|  0%| F|  |TAMS 0x0000000088300000, 0x0000000088300000| Untracked 
| 112|0x0000000088400000, 0x0000000088400000, 0x0000000088500000|  0%| F|  |TAMS 0x0000000088400000, 0x0000000088400000| Untracked 
| 113|0x0000000088500000, 0x0000000088500000, 0x0000000088600000|  0%| F|  |TAMS 0x0000000088500000, 0x0000000088500000| Untracked 
| 114|0x0000000088600000, 0x0000000088600000, 0x0000000088700000|  0%| F|  |TAMS 0x0000000088600000, 0x0000000088600000| Untracked 
| 115|0x0000000088700000, 0x0000000088700000, 0x0000000088800000|  0%| F|  |TAMS 0x0000000088700000, 0x0000000088700000| Untracked 
| 116|0x0000000088800000, 0x0000000088800000, 0x0000000088900000|  0%| F|  |TAMS 0x0000000088800000, 0x0000000088800000| Untracked 
| 117|0x0000000088900000, 0x0000000088900000, 0x0000000088a00000|  0%| F|  |TAMS 0x0000000088900000, 0x0000000088900000| Untracked 
| 118|0x0000000088a00000, 0x0000000088a00000, 0x0000000088b00000|  0%| F|  |TAMS 0x0000000088a00000, 0x0000000088a00000| Untracked 
| 119|0x0000000088b00000, 0x0000000088b00000, 0x0000000088c00000|  0%| F|  |TAMS 0x0000000088b00000, 0x0000000088b00000| Untracked 
| 120|0x0000000088c00000, 0x0000000088c00000, 0x0000000088d00000|  0%| F|  |TAMS 0x0000000088c00000, 0x0000000088c00000| Untracked 
| 121|0x0000000088d00000, 0x0000000088d00000, 0x0000000088e00000|  0%| F|  |TAMS 0x0000000088d00000, 0x0000000088d00000| Untracked 
| 122|0x0000000088e00000, 0x0000000088e00000, 0x0000000088f00000|  0%| F|  |TAMS 0x0000000088e00000, 0x0000000088e00000| Untracked 
| 123|0x0000000088f00000, 0x0000000088f00000, 0x0000000089000000|  0%| F|  |TAMS 0x0000000088f00000, 0x0000000088f00000| Untracked 
| 124|0x0000000089000000, 0x0000000089000000, 0x0000000089100000|  0%| F|  |TAMS 0x0000000089000000, 0x0000000089000000| Untracked 
| 125|0x0000000089100000, 0x0000000089100000, 0x0000000089200000|  0%| F|  |TAMS 0x0000000089100000, 0x0000000089100000| Untracked 
| 126|0x0000000089200000, 0x0000000089200000, 0x0000000089300000|  0%| F|  |TAMS 0x0000000089200000, 0x0000000089200000| Untracked 
| 127|0x0000000089300000, 0x0000000089300000, 0x0000000089400000|  0%| F|  |TAMS 0x0000000089300000, 0x0000000089300000| Untracked 

Card table byte_map: [0x000002a3766f0000,0x000002a376af0000] _byte_map_base: 0x000002a3762e6000

Marking Bits (Prev, Next): (CMBitMap*) 0x000002a37226e2a8, (CMBitMap*) 0x000002a37226e2e0
 Prev Bits: [0x000002a376ef0000, 0x000002a378ea0000)
 Next Bits: [0x000002a378ea0000, 0x000002a37ae50000)

Polling page: 0x000002a3701f0000

Metaspace:

Usage:
  Non-class:     31.65 MB capacity,    30.69 MB ( 97%) used,   817.53 KB (  3%) free+waste,   171.94 KB ( <1%) overhead. 
      Class:      5.38 MB capacity,     4.71 MB ( 88%) used,   595.76 KB ( 11%) free+waste,    88.50 KB (  2%) overhead. 
       Both:     37.03 MB capacity,    35.39 MB ( 96%) used,     1.38 MB (  4%) free+waste,   260.44 KB ( <1%) overhead. 

Virtual space:
  Non-class space:       40.00 MB reserved,      31.67 MB ( 79%) committed 
      Class space:        1.00 GB reserved,       5.38 MB ( <1%) committed 
             Both:        1.04 GB reserved,      37.05 MB (  3%) committed 

Chunk freelists:
   Non-Class:  20.00 KB
       Class:  0 bytes
        Both:  20.00 KB

MaxMetaspaceSize: 17179869184.00 GB
CompressedClassSpaceSize: 1.00 GB

CodeHeap 'non-profiled nmethods': size=238912Kb used=6927Kb max_used=6927Kb free=231984Kb
 bounds [0x000002a3006b0000, 0x000002a300d80000, 0x000002a30f000000]
CodeHeap 'non-nmethods': size=6848Kb used=1206Kb max_used=1206Kb free=5641Kb
 bounds [0x000002a300000000, 0x000002a300270000, 0x000002a3006b0000]
 total_blobs=4942 nmethods=4103 adapters=476
 compilation: enabled
              stopped_count=1, restarted_count=1
 full_count=1

Compilation events (20 events):
Event: 9.670 Thread 0x000002a37d31a000 nmethod 4114 0x000002a300d70f90 code [0x000002a300d71160, 0x000002a300d714b0]
Event: 9.671 Thread 0x000002a37d31a000 4115       1       org.springframework.core.MethodParameter::initParameterNameDiscovery (6 bytes)
Event: 9.671 Thread 0x000002a37d31a000 nmethod 4115 0x000002a30079ad10 code [0x000002a30079aec0, 0x000002a30079b058]
Event: 9.672 Thread 0x000002a37d31a000 4116       1       org.springframework.core.MethodParameter::getParameterType (48 bytes)
Event: 9.672 Thread 0x000002a37d31a000 nmethod 4116 0x000002a300d71590 code [0x000002a300d71780, 0x000002a300d71a20]
Event: 9.690 Thread 0x000002a37d31a000 4117       1       org.springframework.beans.TypeConverterSupport::<init> (5 bytes)
Event: 9.690 Thread 0x000002a37d31a000 nmethod 4117 0x000002a300d71b90 code [0x000002a300d71d40, 0x000002a300d71e78]
Event: 9.690 Thread 0x000002a37d31a000 4118       1       org.springframework.beans.PropertyEditorRegistrySupport::<init> (15 bytes)
Event: 9.690 Thread 0x000002a37d31a000 nmethod 4118 0x000002a300d71f10 code [0x000002a300d720c0, 0x000002a300d721f8]
Event: 9.690 Thread 0x000002a37d31a000 4119       1       org.springframework.beans.PropertyEditorRegistrySupport::registerDefaultEditors (6 bytes)
Event: 9.690 Thread 0x000002a37d31a000 nmethod 4119 0x000002a300d72290 code [0x000002a300d72440, 0x000002a300d72578]
Event: 9.692 Thread 0x000002a37d31a000 4120       1       sun.reflect.generics.reflectiveObjects.WildcardTypeImpl::getLowerBounds (34 bytes)
Event: 9.692 Thread 0x000002a37d31a000 nmethod 4120 0x000002a300d72610 code [0x000002a300d727e0, 0x000002a300d72b00]
Event: 9.692 Thread 0x000002a37d31a000 4121       1       org.springframework.core.MethodParameter::getContainingClass (18 bytes)
Event: 9.692 Thread 0x000002a37d31a000 nmethod 4121 0x000002a300d72c10 code [0x000002a300d72dc0, 0x000002a300d72f30]
Event: 9.692 Thread 0x000002a37d31a000 4123       1       org.springframework.core.MethodParameter::getGenericParameterType (147 bytes)
Event: 9.693 Thread 0x000002a37d31a000 nmethod 4123 0x000002a300d73010 code [0x000002a300d732a0, 0x000002a300d73c80]
Event: 9.693 Thread 0x000002a37d31a000 4124       1       org.springframework.core.SerializableTypeWrapper$MethodParameterTypeProvider::getType (8 bytes)
Event: 9.693 Thread 0x000002a37d31a000 nmethod 4124 0x000002a300d74090 code [0x000002a300d74240, 0x000002a300d743b0]
Event: 9.693 Thread 0x000002a37d31a000 4122   !   1       org.springframework.core.SerializableTypeWrapper$TypeProxyInvocationHandler::invoke (325 bytes)

GC Heap History (18 events):
Event: 3.975 GC heap before
{Heap before GC invocations=0 (full 0):
 garbage-first heap   total 131072K, used 13312K [0x0000000081400000, 0x0000000100000000)
  region size 1024K, 14 young (14336K), 0 survivors (0K)
 Metaspace       used 4908K, capacity 5486K, committed 5632K, reserved 1056768K
  class space    used 609K, capacity 754K, committed 768K, reserved 1048576K
}
Event: 3.979 GC heap after
{Heap after GC invocations=1 (full 0):
 garbage-first heap   total 131072K, used 5545K [0x0000000081400000, 0x0000000100000000)
  region size 1024K, 2 young (2048K), 2 survivors (2048K)
 Metaspace       used 4908K, capacity 5486K, committed 5632K, reserved 1056768K
  class space    used 609K, capacity 754K, committed 768K, reserved 1048576K
}
Event: 4.352 GC heap before
{Heap before GC invocations=1 (full 0):
 garbage-first heap   total 131072K, used 12713K [0x0000000081400000, 0x0000000100000000)
  region size 1024K, 9 young (9216K), 2 survivors (2048K)
 Metaspace       used 6604K, capacity 7014K, committed 7168K, reserved 1056768K
  class space    used 838K, capacity 994K, committed 1024K, reserved 1048576K
}
Event: 4.360 GC heap after
{Heap after GC invocations=2 (full 0):
 garbage-first heap   total 131072K, used 6835K [0x0000000081400000, 0x0000000100000000)
  region size 1024K, 1 young (1024K), 1 survivors (1024K)
 Metaspace       used 6604K, capacity 7014K, committed 7168K, reserved 1056768K
  class space    used 838K, capacity 994K, committed 1024K, reserved 1048576K
}
Event: 5.651 GC heap before
{Heap before GC invocations=2 (full 0):
 garbage-first heap   total 131072K, used 27315K [0x0000000081400000, 0x0000000100000000)
  region size 1024K, 22 young (22528K), 1 survivors (1024K)
 Metaspace       used 9333K, capacity 9954K, committed 10240K, reserved 1058816K
  class space    used 1245K, capacity 1474K, committed 1536K, reserved 1048576K
}
Event: 5.656 GC heap after
{Heap after GC invocations=3 (full 0):
 garbage-first heap   total 131072K, used 7890K [0x0000000081400000, 0x0000000100000000)
  region size 1024K, 2 young (2048K), 2 survivors (2048K)
 Metaspace       used 9333K, capacity 9954K, committed 10240K, reserved 1058816K
  class space    used 1245K, capacity 1474K, committed 1536K, reserved 1048576K
}
Event: 6.720 GC heap before
{Heap before GC invocations=3 (full 0):
 garbage-first heap   total 131072K, used 39634K [0x0000000081400000, 0x0000000100000000)
  region size 1024K, 34 young (34816K), 2 survivors (2048K)
 Metaspace       used 15146K, capacity 16002K, committed 16256K, reserved 1062912K
  class space    used 2066K, capacity 2401K, committed 2432K, reserved 1048576K
}
Event: 6.725 GC heap after
{Heap after GC invocations=4 (full 0):
 garbage-first heap   total 131072K, used 9402K [0x0000000081400000, 0x0000000100000000)
  region size 1024K, 4 young (4096K), 4 survivors (4096K)
 Metaspace       used 15146K, capacity 16002K, committed 16256K, reserved 1062912K
  class space    used 2066K, capacity 2401K, committed 2432K, reserved 1048576K
}
Event: 7.817 GC heap before
{Heap before GC invocations=4 (full 0):
 garbage-first heap   total 131072K, used 58554K [0x0000000081400000, 0x0000000100000000)
  region size 1024K, 53 young (54272K), 4 survivors (4096K)
 Metaspace       used 18952K, capacity 20049K, committed 20224K, reserved 1067008K
  class space    used 2570K, capacity 2975K, committed 3072K, reserved 1048576K
}
Event: 7.823 GC heap after
{Heap after GC invocations=5 (full 0):
 garbage-first heap   total 131072K, used 11397K [0x0000000081400000, 0x0000000100000000)
  region size 1024K, 6 young (6144K), 6 survivors (6144K)
 Metaspace       used 18952K, capacity 20049K, committed 20224K, reserved 1067008K
  class space    used 2570K, capacity 2975K, committed 3072K, reserved 1048576K
}
Event: 7.990 GC heap before
{Heap before GC invocations=5 (full 0):
 garbage-first heap   total 131072K, used 23685K [0x0000000081400000, 0x0000000100000000)
  region size 1024K, 19 young (19456K), 6 survivors (6144K)
 Metaspace       used 20109K, capacity 21179K, committed 21296K, reserved 1067008K
  class space    used 2733K, capacity 3159K, committed 3200K, reserved 1048576K
}
Event: 7.997 GC heap after
{Heap after GC invocations=6 (full 0):
 garbage-first heap   total 131072K, used 12066K [0x0000000081400000, 0x0000000100000000)
  region size 1024K, 6 young (6144K), 6 survivors (6144K)
 Metaspace       used 20109K, capacity 21179K, committed 21296K, reserved 1067008K
  class space    used 2733K, capacity 3159K, committed 3200K, reserved 1048576K
}
Event: 8.929 GC heap before
{Heap before GC invocations=7 (full 0):
 garbage-first heap   total 131072K, used 79650K [0x0000000081400000, 0x0000000100000000)
  region size 1024K, 72 young (73728K), 6 survivors (6144K)
 Metaspace       used 29229K, capacity 30589K, committed 30768K, reserved 1075200K
  class space    used 3917K, capacity 4470K, committed 4480K, reserved 1048576K
}
Event: 8.938 GC heap after
{Heap after GC invocations=8 (full 0):
 garbage-first heap   total 131072K, used 15632K [0x0000000081400000, 0x0000000100000000)
  region size 1024K, 8 young (8192K), 8 survivors (8192K)
 Metaspace       used 29229K, capacity 30589K, committed 30768K, reserved 1075200K
  class space    used 3917K, capacity 4470K, committed 4480K, reserved 1048576K
}
Event: 9.485 GC heap before
{Heap before GC invocations=8 (full 0):
 garbage-first heap   total 131072K, used 55568K [0x0000000081400000, 0x0000000100000000)
  region size 1024K, 48 young (49152K), 8 survivors (8192K)
 Metaspace       used 34302K, capacity 35820K, committed 35888K, reserved 1079296K
  class space    used 4570K, capacity 5210K, committed 5248K, reserved 1048576K
}
Event: 9.499 GC heap after
{Heap after GC invocations=9 (full 0):
 garbage-first heap   total 131072K, used 18120K [0x0000000081400000, 0x0000000100000000)
  region size 1024K, 7 young (7168K), 7 survivors (7168K)
 Metaspace       used 34302K, capacity 35820K, committed 35888K, reserved 1079296K
  class space    used 4570K, capacity 5210K, committed 5248K, reserved 1048576K
}
Event: 9.694 GC heap before
{Heap before GC invocations=10 (full 0):
 garbage-first heap   total 131072K, used 35528K [0x0000000081400000, 0x0000000100000000)
  region size 1024K, 25 young (25600K), 7 survivors (7168K)
 Metaspace       used 36242K, capacity 37916K, committed 37936K, reserved 1089536K
  class space    used 4819K, capacity 5504K, committed 5504K, reserved 1048576K
}
Event: 9.702 GC heap after
{Heap after GC invocations=11 (full 0):
 garbage-first heap   total 131072K, used 19682K [0x0000000081400000, 0x0000000100000000)
  region size 1024K, 5 young (5120K), 5 survivors (5120K)
 Metaspace       used 36242K, capacity 37916K, committed 37936K, reserved 1089536K
  class space    used 4819K, capacity 5504K, committed 5504K, reserved 1048576K
}

Deoptimization events (2 events):
Event: 9.411 Thread 0x000002a37e56b800 DEOPT PACKING pc=0x000002a300a44c7f sp=0x000000b4a13fd130
Event: 9.411 Thread 0x000002a37e56b800 DEOPT UNPACKING pc=0x000002a30002904e sp=0x000000b4a13fc638 mode 3

Classes redefined (0 events):
No events

Internal exceptions (20 events):
Event: 8.841 Thread 0x000002a37e56b800 Exception <a 'java/lang/ClassNotFoundException'{0x000000008506c788}: java/util/EventListenerCustomizer> (0x000000008506c788) thrown at [c:/BuildAgent/work/5ff2f6c26000d570/src/hotspot/share/classfile/systemDictionary.cpp, line 231]
Event: 8.900 Thread 0x000002a37e500800 Exception <a 'java/lang/reflect/InvocationTargetException'{0x0000000084e041f8}> (0x0000000084e041f8) thrown at [c:/BuildAgent/work/5ff2f6c26000d570/src/hotspot/share/runtime/reflection.cpp, line 1246]
Event: 9.224 Thread 0x000002a37e56b800 Exception <a 'java/lang/NoSuchMethodError'{0x000000008806fbd8}: 'java.lang.Object java.lang.invoke.DirectMethodHandle$Holder.invokeStatic(java.lang.Object, long)'> (0x000000008806fbd8) thrown at [c:/BuildAgent/work/5ff2f6c26000d570/src/hotspot/share/inter
Event: 9.224 Thread 0x000002a37e56b800 Exception <a 'java/lang/NoSuchMethodError'{0x0000000088075540}: 'java.lang.Object java.lang.invoke.DirectMethodHandle$Holder.invokeStaticInit(java.lang.Object, long)'> (0x0000000088075540) thrown at [c:/BuildAgent/work/5ff2f6c26000d570/src/hotspot/share/i
Event: 9.266 Thread 0x000002a37e56b800 Exception <a 'java/lang/IncompatibleClassChangeError'{0x0000000087c03890}: Found class java.lang.Object, but interface was expected> (0x0000000087c03890) thrown at [c:/BuildAgent/work/5ff2f6c26000d570/src/hotspot/share/interpreter/linkResolver.cpp, line 8
Event: 9.397 Thread 0x000002a37e56b800 Exception <a 'java/lang/ClassNotFoundException'{0x00000000873d5a18}: java/lang/ObjectCustomizer> (0x00000000873d5a18) thrown at [c:/BuildAgent/work/5ff2f6c26000d570/src/hotspot/share/classfile/systemDictionary.cpp, line 231]
Event: 9.398 Thread 0x000002a37e56b800 Exception <a 'java/lang/ClassNotFoundException'{0x00000000873e7668}: org/springframework/web/servlet/config/annotation/WebMvcConfigurationSupportCustomizer> (0x00000000873e7668) thrown at [c:/BuildAgent/work/5ff2f6c26000d570/src/hotspot/share/classfile/sy
Event: 9.398 Thread 0x000002a37e56b800 Exception <a 'java/lang/ClassNotFoundException'{0x0000000087205ca0}: org/springframework/web/servlet/config/annotation/DelegatingWebMvcConfigurationCustomizer> (0x0000000087205ca0) thrown at [c:/BuildAgent/work/5ff2f6c26000d570/src/hotspot/share/classfile
Event: 9.399 Thread 0x000002a37e56b800 Exception <a 'java/lang/ClassNotFoundException'{0x000000008721b3f8}: org/springframework/boot/autoconfigure/web/servlet/WebMvcAutoConfiguration$EnableWebMvcConfigurationCustomizer> (0x000000008721b3f8) thrown at [c:/BuildAgent/work/5ff2f6c26000d570/src/ho
Event: 9.399 Thread 0x000002a37e56b800 Exception <a 'java/lang/ClassNotFoundException'{0x0000000087237978}: org/springframework/context/ResourceLoaderAwareCustomizer> (0x0000000087237978) thrown at [c:/BuildAgent/work/5ff2f6c26000d570/src/hotspot/share/classfile/systemDictionary.cpp, line 231]
Event: 9.400 Thread 0x000002a37e56b800 Exception <a 'java/lang/ClassNotFoundException'{0x0000000087243918}: org/springframework/beans/factory/AwareCustomizer> (0x0000000087243918) thrown at [c:/BuildAgent/work/5ff2f6c26000d570/src/hotspot/share/classfile/systemDictionary.cpp, line 231]
Event: 9.400 Thread 0x000002a37e56b800 Exception <a 'java/lang/ClassNotFoundException'{0x000000008724fef0}: org/springframework/context/ApplicationContextAwareCustomizer> (0x000000008724fef0) thrown at [c:/BuildAgent/work/5ff2f6c26000d570/src/hotspot/share/classfile/systemDictionary.cpp, line 
Event: 9.400 Thread 0x000002a37e56b800 Exception <a 'java/lang/ClassNotFoundException'{0x000000008725c3e8}: org/springframework/beans/factory/AwareCustomizer> (0x000000008725c3e8) thrown at [c:/BuildAgent/work/5ff2f6c26000d570/src/hotspot/share/classfile/systemDictionary.cpp, line 231]
Event: 9.400 Thread 0x000002a37e56b800 Exception <a 'java/lang/ClassNotFoundException'{0x00000000872689d8}: org/springframework/web/context/ServletContextAwareCustomizer> (0x00000000872689d8) thrown at [c:/BuildAgent/work/5ff2f6c26000d570/src/hotspot/share/classfile/systemDictionary.cpp, line 
Event: 9.400 Thread 0x000002a37e56b800 Exception <a 'java/lang/ClassNotFoundException'{0x0000000087274de0}: org/springframework/beans/factory/AwareCustomizer> (0x0000000087274de0) thrown at [c:/BuildAgent/work/5ff2f6c26000d570/src/hotspot/share/classfile/systemDictionary.cpp, line 231]
Event: 9.405 Thread 0x000002a37e500800 Exception <a 'java/lang/reflect/InvocationTargetException'{0x00000000871096d0}> (0x00000000871096d0) thrown at [c:/BuildAgent/work/5ff2f6c26000d570/src/hotspot/share/runtime/reflection.cpp, line 1246]
Event: 9.540 Thread 0x000002a37e56b800 Exception <a 'java/lang/NoSuchMethodError'{0x00000000891a8550}: 'void java.lang.invoke.DirectMethodHandle$Holder.invokeVirtual(java.lang.Object, java.lang.Object, int)'> (0x00000000891a8550) thrown at [c:/BuildAgent/work/5ff2f6c26000d570/src/hotspot/share
Event: 9.541 Thread 0x000002a37e56b800 Exception <a 'java/lang/NoSuchMethodError'{0x00000000891c21b0}: 'void java.lang.invoke.DirectMethodHandle$Holder.invokeVirtual(java.lang.Object, java.lang.Object, long)'> (0x00000000891c21b0) thrown at [c:/BuildAgent/work/5ff2f6c26000d570/src/hotspot/shar
Event: 9.603 Thread 0x000002a37e56b800 Exception <a 'java/lang/IncompatibleClassChangeError'{0x0000000088b8f288}: Found class java.lang.Object, but interface was expected> (0x0000000088b8f288) thrown at [c:/BuildAgent/work/5ff2f6c26000d570/src/hotspot/share/interpreter/linkResolver.cpp, line 8
Event: 9.621 Thread 0x000002a37e56b800 Exception <a 'java/lang/NoSuchMethodError'{0x0000000088973d78}: 'int java.lang.invoke.DirectMethodHandle$Holder.invokeStaticInit(java.lang.Object, java.lang.Object, java.lang.Object, java.lang.Object)'> (0x0000000088973d78) thrown at [c:/BuildAgent/work/5

Events (20 events):
Event: 9.688 loading class org/springframework/data/mapping/PersistentPropertyPath done
Event: 9.689 loading class org/springframework/data/mapping/PropertyPath
Event: 9.689 loading class org/springframework/data/mapping/PropertyPath done
Event: 9.689 loading class org/springframework/data/mapping/context/InvalidPersistentPropertyPath
Event: 9.689 loading class org/springframework/data/mapping/context/InvalidPersistentPropertyPath done
Event: 9.689 loading class org/springframework/data/mapping/MappingException
Event: 9.689 loading class org/springframework/data/mapping/MappingException done
Event: 9.690 loading class org/springframework/data/redis/core/index/IndexDefinition
Event: 9.690 loading class org/springframework/data/redis/core/index/IndexDefinition done
Event: 9.690 loading class org/springframework/data/redis/core/convert/KeyspaceConfiguration$KeyspaceSettings
Event: 9.690 loading class org/springframework/data/redis/core/convert/KeyspaceConfiguration$KeyspaceSettings done
Event: 9.693 loading class org/springframework/data/spel/ExtensionAwareEvaluationContextProvider
Event: 9.693 loading class org/springframework/data/spel/ExtensionAwareEvaluationContextProvider done
Event: 9.693 loading class org/springframework/beans/factory/ListableBeanFactory
Event: 9.693 loading class org/springframework/beans/factory/ListableBeanFactory done
Event: 9.693 loading class org/springframework/beans/factory/ListableBeanFactory
Event: 9.693 loading class org/springframework/beans/factory/ListableBeanFactory done
Event: 9.693 loading class org/springframework/data/mapping/context/AbstractMappingContext
Event: 9.693 loading class org/springframework/data/mapping/context/AbstractMappingContext done
Event: 9.693 Executing VM operation: CollectForMetadataAllocation


Dynamic libraries:
0x00007ff6b1ee0000 - 0x00007ff6b1eea000 	D:\IDEA\IntelliJ IDEA 2019.3.3\jbr\bin\java.exe
0x00007ffa238a0000 - 0x00007ffa23a71000 	C:\Windows\SYSTEM32\ntdll.dll
0x00007ffa21370000 - 0x00007ffa2141b000 	C:\Windows\System32\KERNEL32.DLL
0x00007ffa20230000 - 0x00007ffa2044d000 	C:\Windows\System32\KERNELBASE.dll
0x00007ffa1fe00000 - 0x00007ffa1fef5000 	C:\Windows\System32\ucrtbase.dll
0x00007ffa17780000 - 0x00007ffa17799000 	D:\IDEA\IntelliJ IDEA 2019.3.3\jbr\bin\jli.dll
0x00007ffa21420000 - 0x00007ffa21585000 	C:\Windows\System32\USER32.dll
0x00007ffa20d60000 - 0x00007ffa20d7e000 	C:\Windows\System32\win32u.dll
0x00007ffa21850000 - 0x00007ffa21884000 	C:\Windows\System32\GDI32.dll
0x00007ffa20bd0000 - 0x00007ffa20d52000 	C:\Windows\System32\gdi32full.dll
0x00007ffa16050000 - 0x00007ffa16067000 	D:\IDEA\IntelliJ IDEA 2019.3.3\jbr\bin\VCRUNTIME140.dll
0x00007ffa14d30000 - 0x00007ffa14fa9000 	C:\Windows\WinSxS\amd64_microsoft.windows.common-controls_6595b64144ccf1df_6.0.14393.447_none_42191651c6827bb3\COMCTL32.dll
0x00007ffa23800000 - 0x00007ffa2389e000 	C:\Windows\System32\msvcrt.dll
0x00007ffa230b0000 - 0x00007ffa23377000 	C:\Windows\System32\combase.dll
0x00007ffa216c0000 - 0x00007ffa217e1000 	C:\Windows\System32\RPCRT4.dll
0x00007ffa1fd90000 - 0x00007ffa1fdfa000 	C:\Windows\System32\bcryptPrimitives.dll
0x00007ffa237d0000 - 0x00007ffa237fe000 	C:\Windows\System32\IMM32.DLL
0x00007ff9fa330000 - 0x00007ff9fa3cd000 	D:\IDEA\IntelliJ IDEA 2019.3.3\jbr\bin\msvcp140.dll
0x00007ff9e5810000 - 0x00007ff9e62cb000 	D:\IDEA\IntelliJ IDEA 2019.3.3\jbr\bin\server\jvm.dll
0x00007ffa21590000 - 0x00007ffa21632000 	C:\Windows\System32\ADVAPI32.dll
0x00007ffa217f0000 - 0x00007ffa21849000 	C:\Windows\System32\sechost.dll
0x00007ffa21640000 - 0x00007ffa21648000 	C:\Windows\System32\PSAPI.DLL
0x00007ffa046b0000 - 0x00007ffa046b9000 	C:\Windows\SYSTEM32\WSOCK32.dll
0x00007ffa181a0000 - 0x00007ffa181c3000 	C:\Windows\SYSTEM32\WINMM.dll
0x00007ffa1f970000 - 0x00007ffa1f97a000 	C:\Windows\SYSTEM32\VERSION.dll
0x00007ffa234c0000 - 0x00007ffa2352a000 	C:\Windows\System32\WS2_32.dll
0x000002a370220000 - 0x000002a37024b000 	C:\Windows\SYSTEM32\WINMMBASE.dll
0x00007ffa20130000 - 0x00007ffa20172000 	C:\Windows\System32\cfgmgr32.dll
0x00007ffa1fd50000 - 0x00007ffa1fd5f000 	C:\Windows\System32\kernel.appcore.dll
0x00007ffa1da50000 - 0x00007ffa1da61000 	D:\IDEA\IntelliJ IDEA 2019.3.3\jbr\bin\verify.dll
0x00007ffa0ff10000 - 0x00007ffa100a2000 	C:\Windows\SYSTEM32\DBGHELP.DLL
0x00007ffa0fee0000 - 0x00007ffa0ff09000 	C:\Windows\SYSTEM32\dbgcore.DLL
0x00007ffa1da20000 - 0x00007ffa1da49000 	D:\IDEA\IntelliJ IDEA 2019.3.3\jbr\bin\java.dll
0x00007ffa1d3b0000 - 0x00007ffa1d3bf000 	D:\IDEA\IntelliJ IDEA 2019.3.3\jbr\bin\instrument.dll
0x00007ffa17760000 - 0x00007ffa17777000 	D:\IDEA\IntelliJ IDEA 2019.3.3\jbr\bin\zip.dll
0x00007ffa17600000 - 0x00007ffa1760b000 	D:\IDEA\IntelliJ IDEA 2019.3.3\jbr\bin\jimage.dll
0x00007ffa21b90000 - 0x00007ffa23099000 	C:\Windows\System32\SHELL32.dll
0x00007ffa204f0000 - 0x00007ffa20bca000 	C:\Windows\System32\windows.storage.dll
0x00007ffa1fd00000 - 0x00007ffa1fd4c000 	C:\Windows\System32\powrprof.dll
0x00007ffa21890000 - 0x00007ffa218e2000 	C:\Windows\System32\shlwapi.dll
0x00007ffa20180000 - 0x00007ffa20229000 	C:\Windows\System32\shcore.dll
0x00007ffa1fd60000 - 0x00007ffa1fd74000 	C:\Windows\System32\profapi.dll
0x00007ffa16ce0000 - 0x00007ffa16cfa000 	D:\IDEA\IntelliJ IDEA 2019.3.3\jbr\bin\net.dll
0x00007ffa1cb10000 - 0x00007ffa1cbdd000 	C:\Windows\SYSTEM32\WINHTTP.dll
0x00007ffa1f4f0000 - 0x00007ffa1f54c000 	C:\Windows\system32\mswsock.dll
0x00007ffa16c70000 - 0x00007ffa16c84000 	D:\IDEA\IntelliJ IDEA 2019.3.3\jbr\bin\nio.dll
0x00007ffa15fa0000 - 0x00007ffa15fba000 	D:\IDEA\IntelliJ IDEA 2019.3.3\bin\breakgen64.dll
0x00007ffa1f2c0000 - 0x00007ffa1f360000 	C:\Windows\SYSTEM32\DNSAPI.dll
0x00007ffa230a0000 - 0x00007ffa230a8000 	C:\Windows\System32\NSI.dll
0x00007ffa1f280000 - 0x00007ffa1f2b8000 	C:\Windows\SYSTEM32\IPHLPAPI.DLL
0x00007ffa13470000 - 0x00007ffa1347a000 	C:\Windows\System32\rasadhlp.dll
0x00007ffa16ed0000 - 0x00007ffa16f3a000 	C:\Windows\System32\fwpuclnt.dll
0x00007ffa1fbf0000 - 0x00007ffa1fc1b000 	C:\Windows\SYSTEM32\bcrypt.dll
0x00007ffa173b0000 - 0x00007ffa173ba000 	D:\IDEA\IntelliJ IDEA 2019.3.3\jbr\bin\management.dll
0x00007ffa16c60000 - 0x00007ffa16c6c000 	D:\IDEA\IntelliJ IDEA 2019.3.3\jbr\bin\management_ext.dll
0x00007ffa1f760000 - 0x00007ffa1f777000 	C:\Windows\SYSTEM32\CRYPTSP.dll
0x00007ffa1f670000 - 0x00007ffa1f6a3000 	C:\Windows\system32\rsaenh.dll
0x00007ffa1f370000 - 0x00007ffa1f38f000 	C:\Windows\SYSTEM32\USERENV.dll
0x00007ffa1f780000 - 0x00007ffa1f78b000 	C:\Windows\SYSTEM32\CRYPTBASE.dll
0x00007ffa182c0000 - 0x00007ffa182d6000 	C:\Windows\SYSTEM32\dhcpcsvc6.DLL
0x00007ffa182a0000 - 0x00007ffa182ba000 	C:\Windows\SYSTEM32\dhcpcsvc.DLL
0x00007ffa08d40000 - 0x00007ffa08d56000 	C:\Windows\system32\napinsp.dll
0x00007ffa08d20000 - 0x00007ffa08d3a000 	C:\Windows\system32\pnrpnsp.dll
0x00007ffa1d640000 - 0x00007ffa1d658000 	C:\Windows\system32\NLAapi.dll
0x00007ffa08d10000 - 0x00007ffa08d1e000 	C:\Windows\System32\winrnr.dll
0x00007ffa184c0000 - 0x00007ffa184d5000 	C:\Windows\System32\wshbth.dll

dbghelp: loaded successfully - version: 4.0.5 - missing functions: none
symbol engine: initialized successfully - sym options: 0x614 - pdb path: .;D:\IDEA\IntelliJ IDEA 2019.3.3\jbr\bin;C:\Windows\SYSTEM32;C:\Windows\WinSxS\amd64_microsoft.windows.common-controls_6595b64144ccf1df_6.0.14393.447_none_42191651c6827bb3;D:\IDEA\IntelliJ IDEA 2019.3.3\jbr\bin\server;D:\IDEA\IntelliJ IDEA 2019.3.3\bin

VM Arguments:
jvm_args: -XX:TieredStopAtLevel=1 -Xverify:none -Dspring.devtools.restart.trigger-file=.restartTriggerFile -Dspring.output.ansi.enabled=always -Dcom.sun.management.jmxremote -Dspring.jmx.enabled=true -Dspring.liveBeansView.mbeanDomain -Dspring.application.admin.enabled=true -javaagent:D:\IDEA\IntelliJ IDEA 2019.3.3\lib\idea_rt.jar=65064:D:\IDEA\IntelliJ IDEA 2019.3.3\bin -Dfile.encoding=UTF-8 
java_command: com.seckill.SpringbootSeckillApplication
java_class_path (initial): D:\ideaÏîÄ¿\springboot\springboot-seckill\target\classes;C:\Users\Administrator\.m2\repository\org\springframework\boot\spring-boot-starter-thymeleaf\2.4.4\spring-boot-starter-thymeleaf-2.4.4.jar;C:\Users\Administrator\.m2\repository\org\springframework\boot\spring-boot-starter\2.4.4\spring-boot-starter-2.4.4.jar;C:\Users\Administrator\.m2\repository\org\springframework\boot\spring-boot-starter-logging\2.4.4\spring-boot-starter-logging-2.4.4.jar;C:\Users\Administrator\.m2\repository\ch\qos\logback\logback-classic\1.2.3\logback-classic-1.2.3.jar;C:\Users\Administrator\.m2\repository\ch\qos\logback\logback-core\1.2.3\logback-core-1.2.3.jar;C:\Users\Administrator\.m2\repository\org\apache\logging\log4j\log4j-to-slf4j\2.13.3\log4j-to-slf4j-2.13.3.jar;C:\Users\Administrator\.m2\repository\org\apache\logging\log4j\log4j-api\2.13.3\log4j-api-2.13.3.jar;C:\Users\Administrator\.m2\repository\org\slf4j\jul-to-slf4j\1.7.30\jul-to-slf4j-1.7.30.jar;C:\Users\Administrator\.m2\repository\jakarta\annotation\jakarta.annotation-api\1.3.5\jakarta.annotation-api-1.3.5.jar;C:\Users\Administrator\.m2\repository\org\yaml\snakeyaml\1.27\snakeyaml-1.27.jar;C:\Users\Administrator\.m2\repository\org\thymeleaf\thymeleaf-spring5\3.0.12.RELEASE\thymeleaf-spring5-3.0.12.RELEASE.jar;C:\Users\Administrator\.m2\repository\org\thymeleaf\thymeleaf\3.0.12.RELEASE\thymeleaf-3.0.12.RELEASE.jar;C:\Users\Administrator\.m2\repository\org\attoparser\attoparser\2.0.5.RELEASE\attoparser-2.0.5.RELEASE.jar;C:\Users\Administrator\.m2\repository\org\unbescape\unbescape\1.1.6.RELEASE\unbescape-1.1.6.RELEASE.jar;C:\Users\Administrator\.m2\repository\org\slf4j\slf4j-api\1.7.30\slf4j-api-1.7.30.jar;C:\Users\Administrator\.m2\repository\org\thymeleaf\extras\thymeleaf-extras-java8time\3.0.4.RELEASE\thymeleaf-extras-java8time-3.0.4.RELEASE.jar;C:\Users\Administrator\.m2\repository\org\springframework\boot\spring-boot-starter-web\2.4.4\spring-boot-starter-web-2.4.4.jar;C:\Users\Administrator\.
Launcher Type: SUN_STANDARD

[Global flags]
     bool BytecodeVerificationLocal                = false                                     {product} {command line}
     bool BytecodeVerificationRemote               = false                                     {product} {command line}
     intx CICompilerCount                          = 3                                         {product} {ergonomic}
     uint ConcGCThreads                            = 1                                         {product} {ergonomic}
     uint G1ConcRefinementThreads                  = 4                                         {product} {ergonomic}
   size_t G1HeapRegionSize                         = 1048576                                   {product} {ergonomic}
    uintx GCDrainStackTargetSize                   = 64                                        {product} {ergonomic}
   size_t InitialHeapSize                          = 134217728                                 {product} {ergonomic}
     bool ManagementServer                         = true                                      {product} {command line}
   size_t MarkStackSize                            = 4194304                                   {product} {ergonomic}
   size_t MaxHeapSize                              = 2126512128                                {product} {ergonomic}
   size_t MaxNewSize                               = 1275068416                                {product} {ergonomic}
   size_t MinHeapDeltaBytes                        = 1048576                                   {product} {ergonomic}
    uintx NonNMethodCodeHeapSize                   = 6973028                                {pd product} {ergonomic}
    uintx NonProfiledCodeHeapSize                  = 244685212                              {pd product} {ergonomic}
    uintx ProfiledCodeHeapSize                     = 0                                      {pd product} {ergonomic}
    uintx ReservedCodeCacheSize                    = 251658240                              {pd product} {ergonomic}
     bool SegmentedCodeCache                       = true                                      {product} {ergonomic}
     intx TieredStopAtLevel                        = 1                                         {product} {command line}
     bool UseCompressedClassPointers               = true                                 {lp64_product} {ergonomic}
     bool UseCompressedOops                        = true                                 {lp64_product} {ergonomic}
     bool UseG1GC                                  = true                                      {product} {ergonomic}
     bool UseLargePagesIndividualAllocation        = false                                  {pd product} {ergonomic}

Logging:
Log output configuration:
 #0: stdout all=warning uptime,level,tags
 #1: stderr all=off uptime,level,tags

Environment Variables:
JAVA_HOME=D:\JAVA\jdk
CLASSPATH= .;D:\JAVA\jdk\lib;D:\JAVA\jdk\lib\dt.jar;D:\JAVA\jdk\lib\tools.jar
PATH=D:\oraclexe\app\oracle\product\11.2.0\server\bin;;D:\Xftp 6\;D:\Program Files (x86)\VMware\VMware Workstation\bin\;D:\app\Administrator\product\11.2.0\dbhome_1\bin;C:\Program Files (x86)\Common Files\Intel\Shared Libraries\redist\intel64\compiler;C:\Program Files (x86)\Common Files\Oracle\Java\javapath;C:\ProgramData\Oracle\Java\javapath;C:\Windows\system32;C:\Windows;C:\Windows\System32\Wbem;C:\Windows\System32\WindowsPowerShell\v1.0\;C:\Program Files\dotnet\;D:\JAVA\jdk\bin;D:\JAVA\jdk\jre\bin;C:\Program Files\dotnet\;C:\Program Files\MySQL\MySQL Server 5.7\bin;C:\Program Files (x86)\Rational\common;D:\Python;D:\Python\Scripts;D:\Android\SDK\sdk\tools;D:\Android\SDK\sdk\platform-tools;C:\Program Files\Git\cmd;D:\apache-maven-3.6.3-bin\apache-maven-3.6.3\bin;D:\Program Files\Xshell 7\;C:\Users\Administrator\AppData\Local\Microsoft\WindowsApps;D:\IDEA\IntelliJ IDEA 2019.3.3\bin;
USERNAME=Administrator
OS=Windows_NT
PROCESSOR_IDENTIFIER=Intel64 Family 6 Model 158 Stepping 9, GenuineIntel



---------------  S Y S T E M  ---------------

OS: Windows 10 , 64 bit Build 14393 (10.0.14393.0)

CPU:total 4 (initial active 4) (2 cores per cpu, 2 threads per core) family 6 model 158 stepping 9, cmov, cx8, fxsr, mmx, sse, sse2, sse3, ssse3, sse4.1, sse4.2, popcnt, avx, avx2, aes, clmul, erms, 3dnowpref, lzcnt, ht, tsc, tscinvbit, bmi1, bmi2, adx, fma

Memory: 4k page, system-wide physical 8110M (2315M free)
TotalPageFile size 8622M (AvailPageFile size 2M)
current process WorkingSet (physical memory assigned to process): 206M, peak: 206M
current process commit charge ("private bytes"): 258M, peak: 259M

vm_info: OpenJDK 64-Bit Server VM (11.0.5+10-b520.38) for windows-amd64 JRE (11.0.5+10-b520.38), built on Jan 23 2020 07:58:32 by "" with MS VC++ 14.0 (VS2015)

END.
